\BOOKMARK [1][-]{section.1}{\376\377\205\233\133\232\214\024\145\271\172\013\116\016\116\000\176\364\133\232\140\001\225\356\230\230}{}% 1
\BOOKMARK [2][-]{subsection.1.1}{\376\377\116\000\176\364\147\011\226\120\122\277\127\072}{section.1}% 2
\BOOKMARK [2][-]{subsection.1.2}{\376\377\116\000\176\364\000\040\122\277}{section.1}% 3
\BOOKMARK [2][-]{subsection.1.3}{\376\377\116\000\176\364\122\006\153\265\145\340\226\120\155\361\122\277\226\061}{section.1}% 4
\BOOKMARK [2][-]{subsection.1.4}{\376\377\123\112\130\301\145\340\226\120\155\361\122\277\226\061}{section.1}% 5
\BOOKMARK [2][-]{subsection.1.5}{\376\377\131\015\124\010\122\277\000:\124\214\226\066\150\257\122\277}{section.1}% 6
\BOOKMARK [2][-]{subsection.1.6}{\376\377\131\015\124\010\122\277\000:\124\214\226\066\150\257\122\277}{section.1}% 7
\BOOKMARK [2][-]{subsection.1.7}{\376\377\131\015\124\010\122\277\000:\124\214\214\020\143\057\133\120\122\277}{section.1}% 8
\BOOKMARK [2][-]{subsection.1.8}{\376\377\123\315\153\324\117\213\122\277\000:\124\010\155\101\215\205\121\340\117\125\121\375\145\160}{section.1}% 9
\BOOKMARK [2][-]{subsection.1.9}{\376\377\154\042\123\237\133\120\122\277\200\375}{section.1}% 10
\BOOKMARK [2][-]{subsection.1.10}{\376\377\123\315\153\324\117\213\122\277\200\375}{section.1}% 11
\BOOKMARK [2][-]{subsection.1.11}{\376\377\135\362\167\345\154\342\121\375\145\160\116\016\166\204\147\201\226\120}{section.1}% 12
\BOOKMARK [2][-]{subsection.1.12}{\376\377\135\362\167\345\154\342\121\375\145\160\116\016\166\204\127\107\120\074}{section.1}% 13
\BOOKMARK [2][-]{subsection.1.13}{\376\377\135\362\167\345\200\375\221\317\116\016\122\277\200\375\166\204\121\163\174\373}{section.1}% 14
\BOOKMARK [2][-]{subsection.1.14}{\376\377\135\362\167\345\116\044\200\375\221\317\166\204\147\054\137\201\140\001}{section.1}% 15
\BOOKMARK [2][-]{subsection.1.15}{\376\377\127\006\127\010\217\320\122\250}{section.1}% 16
\BOOKMARK [2][-]{subsection.1.16}{\376\377\145\071\123\330\124\310\133\306\230\177\221\317\154\102\147\054\137\201\120\074\000\050\210\150\214\141\123\330\143\142\000\051}{section.1}% 17
\BOOKMARK [2][-]{subsection.1.17}{\376\377\147\037\147\033\120\074\225\356\230\230}{section.1}% 18
\BOOKMARK [2][-]{subsection.1.18}{\376\377\217\154\133\120\122\277\200\375\172\201\123\330}{section.1}% 19
\BOOKMARK [2][-]{subsection.1.19}{\376\377\214\020\143\057\133\120\122\277\200\375\172\201\123\330}{section.1}% 20
\BOOKMARK [2][-]{subsection.1.20}{\376\377\0001\000.\0001\0009\166\204\157\024\123\026\225\356\230\230}{section.1}% 21
\BOOKMARK [2][-]{subsection.1.21}{\376\377\147\011\226\120\123\072\225\364\155\361\122\277\226\061\166\204\127\372\140\001\151\202\163\207\225\356\230\230}{section.1}% 22
\BOOKMARK [2][-]{subsection.1.22}{\376\377\147\011\226\120\166\204\155\361\122\277\226\061\166\204\171\373\122\250\225\356\230\230}{section.1}% 23
\BOOKMARK [2][-]{subsection.1.23}{\376\377\155\361\122\277\226\061\174\222\133\120\166\204\117\134\165\050\122\233\225\356\230\230}{section.1}% 24
\BOOKMARK [1][-]{section.2}{\376\377\122\233\133\146\221\317\173\227\173\046}{}% 25
\BOOKMARK [1][-]{section.3}{\376\377\210\150\214\141}{}% 26
\BOOKMARK [1][-]{section.4}{\376\377\116\011\176\364\133\232\140\001\225\356\230\230}{}% 27
\BOOKMARK [1][-]{section.5}{\376\377\217\321\117\074\145\271\154\325}{}% 28
\BOOKMARK [1][-]{section.6}{\376\377\201\352\145\313}{}% 29
\BOOKMARK [1][-]{section.7}{\376\377\121\150\124\014\174\222\133\120\117\123\174\373}{}% 30
\BOOKMARK [1][-]{section.8}{\376\377\145\143\134\004}{}% 31
