make all --print-data-base --no-builtin-variables --no-builtin-rules --question
# GNU Make 3.81
# Copyright (C) 2006  Free Software Foundation, Inc.
# This is free software; see the source for copying conditions.
# There is NO warranty; not even for MERCHANTABILITY or FITNESS FOR A
# PARTICULAR PURPOSE.

# This program built for i386-apple-darwin11.3.0
 

# Make data base, printed on Mon Aug 15 20:33:23 2022

# Variables

# automatic
<D = $(patsubst %/,%,$(dir $<))
# automatic
?F = $(notdir $?)
# makefile (from `Makefile', line 8)
REMOTE_INSTALLER_URL = http://mirror.ctan.org/systems/texlive/tlnet
# automatic
 
?D = $(patsubst %/,%,$(dir $?))
# automatic
@D = $(patsubst %/,%,$(dir $@))
# automatic
@F = $(notdir $@)
# makefile
CURDIR := /Users/richard/Documents/Code/GitHub/LaTex/thucoursework/thucoursework
# makefile
SHELL = /bin/sh
# environment
VSCODE_NLS_CONFIG = {"locale":"en-us","availableLanguages":{},"_languagePackSupport":true}
# environment
_ = /usr/bin/make
# makefile (from `Makefile', line 10)
LATEXMKOPTS = -xelatex -halt-on-error -interaction=nonstopmode
# makefile (from `Makefile', line 1)
MAKEFILE_LIST :=  Makefile
# environment
__CFBundleIdentifier = com.microsoft.VSCode
# makefile (from `Makefile', line 4)
PACKAGE = thucoursework
# environment
VSCODE_CWD = /
# environment
GSETTINGS_SCHEMA_DIR = /Users/richard/opt/anaconda3/share/glib-2.0/schemas
# environment
PATH = /Library/Java/JavaVirtualMachines/jdk-18.0.1.jdk/Contents/Home/bin:/opt/homebrew/bin:/usr/local/sbin:/Users/richard/.pyenv/plugins/pyenv-virtualenv/shims:/Users/richard/opt/anaconda3/bin:/Users/richard/opt/anaconda3/condabin:/Applications/Julia-1.5.app/Contents/Resources/julia/bin:/Users/richard/.pyenv/shims:/Users/richard/.pyenv/bin:/Library/Frameworks/Python.framework/Versions/3.8/bin:/usr/local/bin:/usr/bin:/bin:/usr/sbin:/sbin:/Applications/VMware Fusion.app/Contents/Public:/Library/TeX/texbin:/usr/local/aria2/bin
# environment
LSCOLORS = Gxfxcxdxbxegedabagacad
# environment
LaunchInstanceID = A0FD18A7-BF2D-4B92-9BAB-A0ED13071435
# environment
ELECTRON_RUN_AS_NODE = 1
# environment
PYENV_ROOT = /Users/richard/.pyenv
# default
.FEATURES := target-specific order-only second-expansion else-if archives jobserver check-symlink
# environment
SSH_AUTH_SOCK = /private/tmp/com.apple.launchd.u3nbPFzw3L/Listeners
# automatic
%F = $(notdir $%)
# makefile (from `Makefile', line 5)
INSTALL_PACKAGE = install-tl-unx.tar.gz
# environment
CONDA_EXE = /Users/richard/opt/anaconda3/bin/conda
# environment
PWD = /Users/richard/Documents/Code/GitHub/LaTex/thucoursework/thucoursework
# environment
ORIGINAL_XDG_CURRENT_DESKTOP = undefined
# environment
VSCODE_AMD_ENTRYPOINT = vs/workbench/api/node/extensionHostProcess
# environment
PYENV_SHELL = zsh
# environment
HOME = /Users/richard
# default
MAKEFILEPATH = $(shell /usr/bin/xcode-select -print-path 2>/dev/null || echo /Developer)/Makefiles
# environment
VSCODE_CODE_CACHE_PATH = /Users/richard/Library/Application Support/Code/CachedData/6d9b74a70ca9c7733b29f0456fd8195364076dda
# environment
LOGNAME = richard
# environment
APPLICATION_INSIGHTS_NO_DIAGNOSTIC_CHANNEL = 1
# environment
CONDA_PROMPT_MODIFIER = (base) 
# environment
ZSH = /Users/richard/.oh-my-zsh
# environment
VSCODE_HANDLES_UNCAUGHT_ERRORS = true
# automatic
^D = $(patsubst %/,%,$(dir $^))
# environment
CONDA_DEFAULT_ENV = base
# environment
XPC_FLAGS = 0x0
# default
MAKE = $(MAKE_COMMAND)
# default
MAKECMDGOALS := all
# environment
SHLVL = 1
# environment
JAVA_HOME = /Library/Java/JavaVirtualMachines/jdk-18.0.1.jdk/Contents/Home
# environment
LATEXWORKSHOP_DOCKER_LATEX = 
# default
MAKE_VERSION := 3.81
# environment
USER = richard
# makefile
.DEFAULT_GOAL := all
# environment
LESS = -R
# automatic
%D = $(patsubst %/,%,$(dir $%))
# environment
CONDA_SHLVL = 1
# default
MAKE_COMMAND := /Library/Developer/CommandLineTools/usr/bin/make
# default
.VARIABLES := 
# environment
TMPDIR = /var/folders/5b/16kmgqk554vct2_tph_lv95h0000gn/T/
# automatic
*F = $(notdir $*)
# environment
VSCODE_IPC_HOOK = /Users/richard/Library/Application Support/Code/1.70.1-main.sock
# environment
MallocNanoZone = 0
# makefile
MAKEFLAGS = Rrqp
# environment
MFLAGS = -Rrqp
# automatic
*D = $(patsubst %/,%,$(dir $*))
# environment
XPC_SERVICE_NAME = application.com.microsoft.VSCode.46717306.46717312
# automatic
+D = $(patsubst %/,%,$(dir $+))
# automatic
+F = $(notdir $+)
# environment
GSETTINGS_SCHEMA_DIR_CONDA_BACKUP = 
# environment
__CF_USER_TEXT_ENCODING = 0x1F5:0x0:0x0
# environment
COMMAND_MODE = unix2003
# default
MAKEFILES := 
# environment
HOMEBREW_NO_AUTO_UPDATE = true
# automatic
<F = $(notdir $<)
# environment
PAGER = less
# environment
LC_ALL = C
# environment
CONDA_PYTHON_EXE = /Users/richard/opt/anaconda3/bin/python
# environment
SECURITYSESSIONID = 186a3
# automatic
^F = $(notdir $^)
# default
SUFFIXES := 
# environment
_CE_M = 
# makefile (from `Makefile', line 6)
INSTALL_DIR = ./install-texlive
# environment
PYENV_VIRTUALENV_INIT = 1
# default
.INCLUDE_DIRS = /usr/local/include
# environment
MAKELEVEL := 0
# environment
CONDA_PREFIX = /Users/richard/opt/anaconda3
# environment
TERM = xterm-256color
# environment
VSCODE_PID = 29224
# environment
_CE_CONDA = 
# environment
LANG = C
# variable set hash-table stats:
# Load=86/1024=8%, Rehash=0, Collisions=2/119=2%

# Pattern-specific Variable Values

# No pattern-specific variable values.

# Directories

# . (device 16777222, inode 26242232): 20 files, no impossibilities.

# 20 files, no impossibilities in 1 directories.

# Implicit Rules

# No implicit rules.

# Files

# Not a target:
thucoursework.dtx:
#  Implicit rule search has not been done.
 
#  Modification time never checked.
#  File has not been updated.

all: after_install_dep iihw.pdf ithw.pdf
#  Phony target (prerequisite of .PHONY).
#  Command-line target.
#  Implicit rule search has not been done.
#  File does not exist.
#  File has been updated.
#  Needs to be updated (-q is set).
# variable set hash-table stats:
# Load=0/32=0%, Rehash=0, Collisions=0/4=0%

.PHONY: doc all archive pre_install_dep install_dep after_install_dep clean test
#  Implicit rule search has not been done.
#  Modification time never checked.
#  File has not been updated.

pre_install_dep: install-tl-unx.tar.gz
#  Phony target (prerequisite of .PHONY).
#  Implicit rule search has not been done.
#  File does not exist.
#  File has been updated.
#  Needs to be updated (-q is set).
# variable set hash-table stats:
# Load=0/32=0%, Rehash=0, Collisions=0/4=0%

# Not a target:
.SUFFIXES:
#  Implicit rule search has not been done.
#  Modification time never checked.
#  File has not been updated.

# Not a target:
Makefile:
#  Implicit rule search has been done.
#  Last modified 2020-09-25 03:35:34
#  File has been updated.
#  Successfully updated.
# variable set hash-table stats:
# Load=0/32=0%, Rehash=0, Collisions=0/0=0%

test:
#  Phony target (prerequisite of .PHONY).
#  Implicit rule search has not been done.
#  File does not exist.
#  File has not been updated.
#  commands to execute (from `Makefile', line 63):
	# first clear out root texlive bin dir
	$(eval export PATH := /bin:/usr/bin)
	echo $$PATH
	$(eval PLATFORM1=`$(INSTALL_DIR)/install-tl --print-platform`)
	$(eval PLATFORM2=$(shell echo $(PLATFORM1)))
	$(eval PLATFORM3=$(shell pwd))
	$(eval export PATH := $(PLATFORM3)/texlive/bin/$(PLATFORM2):$(PATH))
	echo $$PATH
	tlmgr --version
	

# Not a target:
ithw.tex:
#  Implicit rule search has not been done.
#  Modification time never checked.
#  File has not been updated.

archive:
#  Phony target (prerequisite of .PHONY).
#  Implicit rule search has not been done.
#  File does not exist.
#  File has not been updated.
#  commands to execute (from `Makefile', line 47):
	# make tar.gz which is submitted to ctan.org
	# first copy the necessary files to the dist dir
	cp README.md iihw.pdf ithw.pdf iihw.tex ithw.tex matlabscript.m pdf_normal.pdf thucoursework.dtx thucoursework.pdf Makefile thucoursework/
	# then tar it
	COPYFILE_DISABLE=1 tar -zcvf thucoursework.tar.gz thucoursework/
	

# Not a target:
iihw.tex:
#  Implicit rule search has not been done.
#  Modification time never checked.
#  File has not been updated.

# Not a target:
.DEFAULT:
#  Implicit rule search has not been done.
#  Modification time never checked.
#  File has not been updated.

clean:
#  Phony target (prerequisite of .PHONY).
#  Implicit rule search has not been done.
#  File does not exist.
#  File has not been updated.
#  commands to execute (from `Makefile', line 37):
	rm -fr $(INSTALL_DIR)
	rm -f *.idx *.ilg *.glo *.gls *.hd *.ind *.log *.out *.synctex.gz *.toc *.aux
	

install-tl-unx.tar.gz:
#  Implicit rule search has not been done.
#  Implicit/static pattern stem: `'
#  File does not exist.
#  File has been updated.
#  Needs to be updated (-q is set).
# automatic
# @ := install-tl-unx.tar.gz
# automatic
# % := 
# automatic
# * := 
# automatic
# + := 
# automatic
# | := 
# automatic
# < := 
# automatic
# ^ := 
# automatic
# ? := 
# variable set hash-table stats:
# Load=8/32=25%, Rehash=0, Collisions=2/12=17%
#  commands to execute (from `Makefile', line 34):
	wget $(REMOTE_INSTALLER_URL)/$(INSTALL_PACKAGE)
	

install_dep: pre_install_dep
#  Phony target (prerequisite of .PHONY).
#  Implicit rule search has not been done.
#  File does not exist.
#  File has been updated.
#  Needs to be updated (-q is set).
# variable set hash-table stats:
# Load=0/32=0%, Rehash=0, Collisions=0/4=0%
#  commands to execute (from `Makefile', line 29):
	mkdir -p $(INSTALL_DIR)
	tar -zxvf $(INSTALL_PACKAGE) -C $(INSTALL_DIR) --strip-components 1 
	$(INSTALL_DIR)/install-tl -profile tl.profile
	

thucoursework.pdf: thucoursework.dtx
#  Implicit rule search has not been done.
#  Modification time never checked.
#  File has not been updated.
#  commands to execute (from `Makefile', line 55):
	#latexmk $(LATEXXMKOPTS) $(PACKAGE).dtx
	xelatex $(PACKAGE).dtx
	makeindex -s gind.ist -o $(PACKAGE).ind $(PACKAGE).idx
	makeindex -s gglo.ist -o $(PACKAGE).gls $(PACKAGE).glo
	xelatex $(PACKAGE).dtx
	xelatex -synctex=1 $(PACKAGE).dtx
	

ithw.pdf: ithw.tex after_install_dep
#  Implicit rule search has not been done.
#  Modification time never checked.
#  File has not been updated.
#  commands to execute (from `Makefile', line 44):
	xelatex ithw.tex
	

after_install_dep: install_dep
#  Phony target (prerequisite of .PHONY).
#  Implicit rule search has not been done.
#  File does not exist.
#  File has been updated.
#  Needs to be updated (-q is set).
# variable set hash-table stats:
# Load=0/32=0%, Rehash=0, Collisions=0/4=0%
#  commands to execute (from `Makefile', line 20):
	# tricky, to make variable assignment in recipe, and to execute shell command and assign the print result to a variable.
	$(eval PLATFORM1=`$(INSTALL_DIR)/install-tl --print-platform`)
	$(eval PLATFORM2=$(shell echo $(PLATFORM1)))
	$(eval PLATFORM3=$(shell pwd))
	$(eval export PATH :=$(PLATFORM3)/texlive/bin/$(PLATFORM2):$(PATH))
	echo $$PATH	
	# to make tlmgr work, we need perl
	tlmgr install xkeyval matlab-prettifier caption doublestroke xcolor listings l3kernel l3packages ms ulem fontspec environ trimspaces booktabs moreenum mathtools oberdiek enumitem fmtcount etoolbox latex-bin alphalph
	

iihw.pdf: iihw.tex after_install_dep
#  Implicit rule search has not been done.
#  Modification time never checked.
#  File has not been updated.
#  commands to execute (from `Makefile', line 41):
	pdflatex iihw.tex
	

doc: thucoursework.pdf
#  Phony target (prerequisite of .PHONY).
#  Implicit rule search has not been done.
#  File does not exist.
#  File has not been updated.

# files hash-table stats:
# Load=19/1024=2%, Rehash=0, Collisions=0/53=0%
# VPATH Search Paths

# No `vpath' search paths.

# No general (`VPATH' variable) search path.

# # of strings in strcache: 1
# # of strcache buffers: 1
# strcache size: total = 4096 / max = 4096 / min = 4096 / avg = 4096
# strcache free: total = 4087 / max = 4087 / min = 4087 / avg = 4087

# Finished Make data base on Mon Aug 15 20:33:23 2022

 
